const listeningN4UnitInfo = {
    1: { title: `相手（あいて）/ 挨拶（あいさつ） vs 意見（いけん）` },
    2: { title: `経験（けいけん） vs 制服（せいふく）` },
    3: { title: `体（からだ）/ 調子（ちょうし） vs 朝（あさ）/ ～ないで` },
    4: { title: `選手（せんしゅ） vs 合格（ごうかく）` },
    5: { title: `表情（ひょうじょう） vs 代わり（かわり）` },
    6: { title: `成功（せいこう） vs 期間（きかん）` },
    7: { title: `情報（じょうほう） vs 報告（ほうこく）` },
    8: { title: `組織（そしき） vs 現在（げんざい）` },
    9: { title: `変化（へんか） vs 確実（かくじつ）` },
    10: { title: `感謝（かんしゃ） vs 基礎（きそ）` },
    11: { title: `丁寧（ていねい） vs 複雑（ふくざつ）` },
    12: { title: `柔らかい（やわらかい） vs 珍しい（めずらしい）` },
    13: { title: `静か（しずか） vs 賑やか（にぎやか）` },
    14: { title: `一生懸命（いっしょうけんめい） vs 無理（むり）` },
    15: { title: `賛成（さんせい）/反対（はんたい） vs 合格（ごうかく）` },
    16: { title: `驚く（おどろく） vs 笑う（わらう）` },
    17: { title: `育てる（そだてる） vs 壊す（こわす）` },
    18: { title: `始める（はじめる） vs 終わる（おわる）` },
    19: { title: `通う（かよう） vs 移る（うつる）` },
    20: { title: `間に合う（まにあう） vs 遅れる（おくれる）` },
    21: { title: `開く（あく） vs 開ける（あける）` },
    22: { title: `割れる（われる） vs 折れる（おれる）` },
    23: { title: `慣れる（なれる） vs 驚く（おどろく）` },
    24: { title: `沸く（わく） vs 沸かす（わかす）` },
    25: { title: `並ぶ（ならぶ） vs 並べる（ならべる）` },
    26: { title: `続く（つづく） vs 続ける（つづける）` },
    27: { title: `並べる（ならべる） vs 飾る（かざる）` },
    28: { title: `汚れる（よごれる） vs 汚す（よごす）` },
    29: { title: `焼ける（やける） vs 焼ける` },
    30: { title: `合格（ごうかく） vs 着く（つく）` },
};

